<?xml version="1.0" encoding="UTF-8"?>
<testsuite xmlns:xsi="http://www.w3.org/2001/XMLSchema-instance" xsi:noNamespaceSchemaLocation="https://maven.apache.org/surefire/maven-surefire-plugin/xsd/surefire-test-report.xsd" name="com.d2back.unit.service.ExampleEntityServiceTest" time="0.806" tests="1" errors="1" skipped="0" failures="0">
  <properties>
    <property name="sun.desktop" value="windows"/>
    <property name="awt.toolkit" value="sun.awt.windows.WToolkit"/>
    <property name="java.specification.version" value="11"/>
    <property name="sun.cpu.isalist" value="amd64"/>
    <property name="sun.jnu.encoding" value="Cp1252"/>
    <property name="java.class.path" value="C:\Users\LUCIANO\Desktop\workspace\d2-back\target\test-classes;C:\Users\LUCIANO\Desktop\workspace\d2-back\target\classes;C:\Users\LUCIANO\.m2\repository\org\springframework\boot\spring-boot-starter-webflux\2.3.3.RELEASE\spring-boot-starter-webflux-2.3.3.RELEASE.jar;C:\Users\LUCIANO\.m2\repository\org\springframework\boot\spring-boot-starter\2.3.3.RELEASE\spring-boot-starter-2.3.3.RELEASE.jar;C:\Users\LUCIANO\.m2\repository\org\springframework\boot\spring-boot\2.3.3.RELEASE\spring-boot-2.3.3.RELEASE.jar;C:\Users\LUCIANO\.m2\repository\org\springframework\boot\spring-boot-autoconfigure\2.3.3.RELEASE\spring-boot-autoconfigure-2.3.3.RELEASE.jar;C:\Users\LUCIANO\.m2\repository\org\springframework\boot\spring-boot-starter-logging\2.3.3.RELEASE\spring-boot-starter-logging-2.3.3.RELEASE.jar;C:\Users\LUCIANO\.m2\repository\ch\qos\logback\logback-classic\1.2.3\logback-classic-1.2.3.jar;C:\Users\LUCIANO\.m2\repository\ch\qos\logback\logback-core\1.2.3\logback-core-1.2.3.jar;C:\Users\LUCIANO\.m2\repository\org\apache\logging\log4j\log4j-to-slf4j\2.13.3\log4j-to-slf4j-2.13.3.jar;C:\Users\LUCIANO\.m2\repository\org\apache\logging\log4j\log4j-api\2.13.3\log4j-api-2.13.3.jar;C:\Users\LUCIANO\.m2\repository\org\slf4j\jul-to-slf4j\1.7.30\jul-to-slf4j-1.7.30.jar;C:\Users\LUCIANO\.m2\repository\jakarta\annotation\jakarta.annotation-api\1.3.5\jakarta.annotation-api-1.3.5.jar;C:\Users\LUCIANO\.m2\repository\org\yaml\snakeyaml\1.26\snakeyaml-1.26.jar;C:\Users\LUCIANO\.m2\repository\org\springframework\boot\spring-boot-starter-json\2.3.3.RELEASE\spring-boot-starter-json-2.3.3.RELEASE.jar;C:\Users\LUCIANO\.m2\repository\com\fasterxml\jackson\datatype\jackson-datatype-jdk8\2.11.2\jackson-datatype-jdk8-2.11.2.jar;C:\Users\LUCIANO\.m2\repository\com\fasterxml\jackson\datatype\jackson-datatype-jsr310\2.11.2\jackson-datatype-jsr310-2.11.2.jar;C:\Users\LUCIANO\.m2\repository\com\fasterxml\jackson\module\jackson-module-parameter-names\2.11.2\jackson-module-parameter-names-2.11.2.jar;C:\Users\LUCIANO\.m2\repository\org\springframework\boot\spring-boot-starter-reactor-netty\2.3.3.RELEASE\spring-boot-starter-reactor-netty-2.3.3.RELEASE.jar;C:\Users\LUCIANO\.m2\repository\io\projectreactor\netty\reactor-netty\0.9.11.RELEASE\reactor-netty-0.9.11.RELEASE.jar;C:\Users\LUCIANO\.m2\repository\io\netty\netty-codec-http\4.1.51.Final\netty-codec-http-4.1.51.Final.jar;C:\Users\LUCIANO\.m2\repository\io\netty\netty-common\4.1.51.Final\netty-common-4.1.51.Final.jar;C:\Users\LUCIANO\.m2\repository\io\netty\netty-buffer\4.1.51.Final\netty-buffer-4.1.51.Final.jar;C:\Users\LUCIANO\.m2\repository\io\netty\netty-transport\4.1.51.Final\netty-transport-4.1.51.Final.jar;C:\Users\LUCIANO\.m2\repository\io\netty\netty-codec\4.1.51.Final\netty-codec-4.1.51.Final.jar;C:\Users\LUCIANO\.m2\repository\io\netty\netty-codec-http2\4.1.51.Final\netty-codec-http2-4.1.51.Final.jar;C:\Users\LUCIANO\.m2\repository\io\netty\netty-handler\4.1.51.Final\netty-handler-4.1.51.Final.jar;C:\Users\LUCIANO\.m2\repository\io\netty\netty-resolver\4.1.51.Final\netty-resolver-4.1.51.Final.jar;C:\Users\LUCIANO\.m2\repository\io\netty\netty-handler-proxy\4.1.51.Final\netty-handler-proxy-4.1.51.Final.jar;C:\Users\LUCIANO\.m2\repository\io\netty\netty-codec-socks\4.1.51.Final\netty-codec-socks-4.1.51.Final.jar;C:\Users\LUCIANO\.m2\repository\io\netty\netty-transport-native-epoll\4.1.51.Final\netty-transport-native-epoll-4.1.51.Final-linux-x86_64.jar;C:\Users\LUCIANO\.m2\repository\io\netty\netty-transport-native-unix-common\4.1.51.Final\netty-transport-native-unix-common-4.1.51.Final.jar;C:\Users\LUCIANO\.m2\repository\org\springframework\spring-web\5.2.8.RELEASE\spring-web-5.2.8.RELEASE.jar;C:\Users\LUCIANO\.m2\repository\org\springframework\spring-beans\5.2.8.RELEASE\spring-beans-5.2.8.RELEASE.jar;C:\Users\LUCIANO\.m2\repository\org\springframework\spring-webflux\5.2.8.RELEASE\spring-webflux-5.2.8.RELEASE.jar;C:\Users\LUCIANO\.m2\repository\org\synchronoss\cloud\nio-multipart-parser\1.1.0\nio-multipart-parser-1.1.0.jar;C:\Users\LUCIANO\.m2\repository\org\synchronoss\cloud\nio-stream-storage\1.1.3\nio-stream-storage-1.1.3.jar;C:\Users\LUCIANO\.m2\repository\com\fasterxml\jackson\module\jackson-module-kotlin\2.11.2\jackson-module-kotlin-2.11.2.jar;C:\Users\LUCIANO\.m2\repository\com\fasterxml\jackson\core\jackson-databind\2.11.2\jackson-databind-2.11.2.jar;C:\Users\LUCIANO\.m2\repository\com\fasterxml\jackson\core\jackson-core\2.11.2\jackson-core-2.11.2.jar;C:\Users\LUCIANO\.m2\repository\com\fasterxml\jackson\core\jackson-annotations\2.11.2\jackson-annotations-2.11.2.jar;C:\Users\LUCIANO\.m2\repository\io\projectreactor\kotlin\reactor-kotlin-extensions\1.0.1.RELEASE\reactor-kotlin-extensions-1.0.1.RELEASE.jar;C:\Users\LUCIANO\.m2\repository\io\projectreactor\reactor-core\3.3.9.RELEASE\reactor-core-3.3.9.RELEASE.jar;C:\Users\LUCIANO\.m2\repository\org\reactivestreams\reactive-streams\1.0.3\reactive-streams-1.0.3.jar;C:\Users\LUCIANO\.m2\repository\org\jetbrains\kotlin\kotlin-reflect\1.4.21\kotlin-reflect-1.4.21.jar;C:\Users\LUCIANO\.m2\repository\org\jetbrains\kotlin\kotlin-stdlib\1.4.21\kotlin-stdlib-1.4.21.jar;C:\Users\LUCIANO\.m2\repository\org\jetbrains\kotlin\kotlin-stdlib-common\1.4.21\kotlin-stdlib-common-1.4.21.jar;C:\Users\LUCIANO\.m2\repository\org\jetbrains\annotations\13.0\annotations-13.0.jar;C:\Users\LUCIANO\.m2\repository\org\jetbrains\kotlin\kotlin-stdlib-jdk8\1.4.21\kotlin-stdlib-jdk8-1.4.21.jar;C:\Users\LUCIANO\.m2\repository\org\jetbrains\kotlin\kotlin-stdlib-jdk7\1.4.21\kotlin-stdlib-jdk7-1.4.21.jar;C:\Users\LUCIANO\.m2\repository\org\jetbrains\kotlinx\kotlinx-coroutines-reactor\1.3.8\kotlinx-coroutines-reactor-1.3.8.jar;C:\Users\LUCIANO\.m2\repository\org\jetbrains\kotlinx\kotlinx-coroutines-core\1.3.8\kotlinx-coroutines-core-1.3.8.jar;C:\Users\LUCIANO\.m2\repository\org\jetbrains\kotlinx\kotlinx-coroutines-reactive\1.3.8\kotlinx-coroutines-reactive-1.3.8.jar;C:\Users\LUCIANO\.m2\repository\org\springframework\boot\spring-boot-starter-data-mongodb\2.3.3.RELEASE\spring-boot-starter-data-mongodb-2.3.3.RELEASE.jar;C:\Users\LUCIANO\.m2\repository\org\mongodb\mongodb-driver-sync\4.0.5\mongodb-driver-sync-4.0.5.jar;C:\Users\LUCIANO\.m2\repository\org\mongodb\bson\4.0.5\bson-4.0.5.jar;C:\Users\LUCIANO\.m2\repository\org\mongodb\mongodb-driver-core\4.0.5\mongodb-driver-core-4.0.5.jar;C:\Users\LUCIANO\.m2\repository\org\springframework\data\spring-data-mongodb\3.0.3.RELEASE\spring-data-mongodb-3.0.3.RELEASE.jar;C:\Users\LUCIANO\.m2\repository\org\springframework\spring-tx\5.2.8.RELEASE\spring-tx-5.2.8.RELEASE.jar;C:\Users\LUCIANO\.m2\repository\org\springframework\spring-context\5.2.8.RELEASE\spring-context-5.2.8.RELEASE.jar;C:\Users\LUCIANO\.m2\repository\org\springframework\spring-expression\5.2.8.RELEASE\spring-expression-5.2.8.RELEASE.jar;C:\Users\LUCIANO\.m2\repository\org\springframework\data\spring-data-commons\2.3.3.RELEASE\spring-data-commons-2.3.3.RELEASE.jar;C:\Users\LUCIANO\.m2\repository\com\expediagroup\graphql-kotlin-spring-server\3.7.0\graphql-kotlin-spring-server-3.7.0.jar;C:\Users\LUCIANO\.m2\repository\com\expediagroup\graphql-kotlin-types\3.7.0\graphql-kotlin-types-3.7.0.jar;C:\Users\LUCIANO\.m2\repository\org\jetbrains\kotlinx\kotlinx-coroutines-jdk8\1.3.8\kotlinx-coroutines-jdk8-1.3.8.jar;C:\Users\LUCIANO\.m2\repository\com\expediagroup\graphql-kotlin-federation\3.7.0\graphql-kotlin-federation-3.7.0.jar;C:\Users\LUCIANO\.m2\repository\com\expediagroup\graphql-kotlin-schema-generator\3.7.0\graphql-kotlin-schema-generator-3.7.0.jar;C:\Users\LUCIANO\.m2\repository\io\github\classgraph\classgraph\4.8.87\classgraph-4.8.87.jar;C:\Users\LUCIANO\.m2\repository\com\apollographql\federation\federation-graphql-java-support\0.6.3\federation-graphql-java-support-0.6.3.jar;C:\Users\LUCIANO\.m2\repository\com\graphql-java\graphql-java\16.1\graphql-java-16.1.jar;C:\Users\LUCIANO\.m2\repository\com\graphql-java\java-dataloader\2.2.3\java-dataloader-2.2.3.jar;C:\Users\LUCIANO\.m2\repository\org\antlr\antlr4-runtime\4.8\antlr4-runtime-4.8.jar;C:\Users\LUCIANO\.m2\repository\org\slf4j\slf4j-api\1.7.30\slf4j-api-1.7.30.jar;C:\Users\LUCIANO\.m2\repository\com\google\protobuf\protobuf-java\3.9.0\protobuf-java-3.9.0.jar;C:\Users\LUCIANO\.m2\repository\org\springframework\boot\spring-boot-starter-security\2.3.3.RELEASE\spring-boot-starter-security-2.3.3.RELEASE.jar;C:\Users\LUCIANO\.m2\repository\org\springframework\spring-aop\5.2.8.RELEASE\spring-aop-5.2.8.RELEASE.jar;C:\Users\LUCIANO\.m2\repository\org\springframework\security\spring-security-config\5.3.4.RELEASE\spring-security-config-5.3.4.RELEASE.jar;C:\Users\LUCIANO\.m2\repository\org\springframework\security\spring-security-core\5.3.4.RELEASE\spring-security-core-5.3.4.RELEASE.jar;C:\Users\LUCIANO\.m2\repository\org\springframework\security\spring-security-web\5.3.4.RELEASE\spring-security-web-5.3.4.RELEASE.jar;C:\Users\LUCIANO\.m2\repository\org\springframework\boot\spring-boot-starter-test\2.3.3.RELEASE\spring-boot-starter-test-2.3.3.RELEASE.jar;C:\Users\LUCIANO\.m2\repository\org\springframework\boot\spring-boot-test\2.3.3.RELEASE\spring-boot-test-2.3.3.RELEASE.jar;C:\Users\LUCIANO\.m2\repository\org\springframework\boot\spring-boot-test-autoconfigure\2.3.3.RELEASE\spring-boot-test-autoconfigure-2.3.3.RELEASE.jar;C:\Users\LUCIANO\.m2\repository\com\jayway\jsonpath\json-path\2.4.0\json-path-2.4.0.jar;C:\Users\LUCIANO\.m2\repository\net\minidev\json-smart\2.3\json-smart-2.3.jar;C:\Users\LUCIANO\.m2\repository\net\minidev\accessors-smart\1.2\accessors-smart-1.2.jar;C:\Users\LUCIANO\.m2\repository\org\ow2\asm\asm\5.0.4\asm-5.0.4.jar;C:\Users\LUCIANO\.m2\repository\jakarta\xml\bind\jakarta.xml.bind-api\2.3.3\jakarta.xml.bind-api-2.3.3.jar;C:\Users\LUCIANO\.m2\repository\jakarta\activation\jakarta.activation-api\1.2.2\jakarta.activation-api-1.2.2.jar;C:\Users\LUCIANO\.m2\repository\org\assertj\assertj-core\3.16.1\assertj-core-3.16.1.jar;C:\Users\LUCIANO\.m2\repository\org\hamcrest\hamcrest\2.2\hamcrest-2.2.jar;C:\Users\LUCIANO\.m2\repository\org\junit\jupiter\junit-jupiter\5.6.2\junit-jupiter-5.6.2.jar;C:\Users\LUCIANO\.m2\repository\org\junit\jupiter\junit-jupiter-params\5.6.2\junit-jupiter-params-5.6.2.jar;C:\Users\LUCIANO\.m2\repository\org\mockito\mockito-core\3.3.3\mockito-core-3.3.3.jar;C:\Users\LUCIANO\.m2\repository\net\bytebuddy\byte-buddy\1.10.14\byte-buddy-1.10.14.jar;C:\Users\LUCIANO\.m2\repository\net\bytebuddy\byte-buddy-agent\1.10.14\byte-buddy-agent-1.10.14.jar;C:\Users\LUCIANO\.m2\repository\org\objenesis\objenesis\2.6\objenesis-2.6.jar;C:\Users\LUCIANO\.m2\repository\org\mockito\mockito-junit-jupiter\3.3.3\mockito-junit-jupiter-3.3.3.jar;C:\Users\LUCIANO\.m2\repository\org\skyscreamer\jsonassert\1.5.0\jsonassert-1.5.0.jar;C:\Users\LUCIANO\.m2\repository\com\vaadin\external\google\android-json\0.0.20131108.vaadin1\android-json-0.0.20131108.vaadin1.jar;C:\Users\LUCIANO\.m2\repository\org\springframework\spring-core\5.2.8.RELEASE\spring-core-5.2.8.RELEASE.jar;C:\Users\LUCIANO\.m2\repository\org\springframework\spring-jcl\5.2.8.RELEASE\spring-jcl-5.2.8.RELEASE.jar;C:\Users\LUCIANO\.m2\repository\org\springframework\spring-test\5.2.8.RELEASE\spring-test-5.2.8.RELEASE.jar;C:\Users\LUCIANO\.m2\repository\org\xmlunit\xmlunit-core\2.7.0\xmlunit-core-2.7.0.jar;C:\Users\LUCIANO\.m2\repository\org\junit\jupiter\junit-jupiter-engine\5.6.2\junit-jupiter-engine-5.6.2.jar;C:\Users\LUCIANO\.m2\repository\org\apiguardian\apiguardian-api\1.1.0\apiguardian-api-1.1.0.jar;C:\Users\LUCIANO\.m2\repository\org\junit\platform\junit-platform-engine\1.6.2\junit-platform-engine-1.6.2.jar;C:\Users\LUCIANO\.m2\repository\org\junit\jupiter\junit-jupiter-api\5.6.2\junit-jupiter-api-5.6.2.jar;C:\Users\LUCIANO\.m2\repository\org\opentest4j\opentest4j\1.2.0\opentest4j-1.2.0.jar;C:\Users\LUCIANO\.m2\repository\org\junit\platform\junit-platform-commons\1.6.2\junit-platform-commons-1.6.2.jar;C:\Users\LUCIANO\.m2\repository\io\mockk\mockk\1.10.0\mockk-1.10.0.jar;C:\Users\LUCIANO\.m2\repository\io\mockk\mockk-common\1.10.0\mockk-common-1.10.0.jar;C:\Users\LUCIANO\.m2\repository\io\mockk\mockk-dsl\1.10.0\mockk-dsl-1.10.0.jar;C:\Users\LUCIANO\.m2\repository\io\mockk\mockk-dsl-jvm\1.10.0\mockk-dsl-jvm-1.10.0.jar;C:\Users\LUCIANO\.m2\repository\io\mockk\mockk-agent-jvm\1.10.0\mockk-agent-jvm-1.10.0.jar;C:\Users\LUCIANO\.m2\repository\io\mockk\mockk-agent-api\1.10.0\mockk-agent-api-1.10.0.jar;C:\Users\LUCIANO\.m2\repository\io\mockk\mockk-agent-common\1.10.0\mockk-agent-common-1.10.0.jar;C:\Users\LUCIANO\.m2\repository\org\apache\httpcomponents\httpclient\4.5.13\httpclient-4.5.13.jar;C:\Users\LUCIANO\.m2\repository\org\apache\httpcomponents\httpcore\4.4.13\httpcore-4.4.13.jar;C:\Users\LUCIANO\.m2\repository\commons-codec\commons-codec\1.14\commons-codec-1.14.jar;C:\Users\LUCIANO\.m2\repository\io\micrometer\micrometer-core\1.5.4\micrometer-core-1.5.4.jar;C:\Users\LUCIANO\.m2\repository\org\hdrhistogram\HdrHistogram\2.1.12\HdrHistogram-2.1.12.jar;C:\Users\LUCIANO\.m2\repository\org\latencyutils\LatencyUtils\2.0.3\LatencyUtils-2.0.3.jar;C:\Users\LUCIANO\.m2\repository\io\micrometer\micrometer-registry-prometheus\1.5.4\micrometer-registry-prometheus-1.5.4.jar;C:\Users\LUCIANO\.m2\repository\io\prometheus\simpleclient_common\0.8.1\simpleclient_common-0.8.1.jar;C:\Users\LUCIANO\.m2\repository\io\prometheus\simpleclient\0.8.1\simpleclient-0.8.1.jar;C:\Users\LUCIANO\.m2\repository\com\squareup\okhttp3\okhttp\4.9.0\okhttp-4.9.0.jar;C:\Users\LUCIANO\.m2\repository\com\squareup\okio\okio\2.8.0\okio-2.8.0.jar;C:\Users\LUCIANO\.m2\repository\com\squareup\okhttp3\mockwebserver\4.9.0\mockwebserver-4.9.0.jar;C:\Users\LUCIANO\.m2\repository\junit\junit\4.13\junit-4.13.jar;C:\Users\LUCIANO\.m2\repository\org\hamcrest\hamcrest-core\2.2\hamcrest-core-2.2.jar;C:\Users\LUCIANO\.m2\repository\net\logstash\logback\logstash-logback-encoder\6.6\logstash-logback-encoder-6.6.jar;"/>
    <property name="java.vm.vendor" value="JetBrains s.r.o."/>
    <property name="sun.arch.data.model" value="64"/>
    <property name="user.variant" value=""/>
    <property name="java.vendor.url" value="https://openjdk.java.net/"/>
    <property name="user.timezone" value="America/Buenos_Aires"/>
    <property name="user.country.format" value="AR"/>
    <property name="java.vm.specification.version" value="11"/>
    <property name="os.name" value="Windows 10"/>
    <property name="sun.java.launcher" value="SUN_STANDARD"/>
    <property name="user.country" value="US"/>
    <property name="sun.boot.library.path" value="C:\Users\LUCIANO\AppData\Local\JetBrains\Toolbox\apps\IDEA-U\ch-0\203.5981.155\jbr\bin"/>
    <property name="sun.java.command" value="C:\Users\LUCIANO\AppData\Local\Temp\surefire15115375045471358262\surefirebooter13407504223679437074.jar C:\Users\LUCIANO\AppData\Local\Temp\surefire15115375045471358262 2021-07-04T01-39-12_643-jvmRun1 surefire1142271268126427849tmp surefire_012043612428870276013tmp"/>
    <property name="jdk.debug" value="release"/>
    <property name="surefire.test.class.path" value="C:\Users\LUCIANO\Desktop\workspace\d2-back\target\test-classes;C:\Users\LUCIANO\Desktop\workspace\d2-back\target\classes;C:\Users\LUCIANO\.m2\repository\org\springframework\boot\spring-boot-starter-webflux\2.3.3.RELEASE\spring-boot-starter-webflux-2.3.3.RELEASE.jar;C:\Users\LUCIANO\.m2\repository\org\springframework\boot\spring-boot-starter\2.3.3.RELEASE\spring-boot-starter-2.3.3.RELEASE.jar;C:\Users\LUCIANO\.m2\repository\org\springframework\boot\spring-boot\2.3.3.RELEASE\spring-boot-2.3.3.RELEASE.jar;C:\Users\LUCIANO\.m2\repository\org\springframework\boot\spring-boot-autoconfigure\2.3.3.RELEASE\spring-boot-autoconfigure-2.3.3.RELEASE.jar;C:\Users\LUCIANO\.m2\repository\org\springframework\boot\spring-boot-starter-logging\2.3.3.RELEASE\spring-boot-starter-logging-2.3.3.RELEASE.jar;C:\Users\LUCIANO\.m2\repository\ch\qos\logback\logback-classic\1.2.3\logback-classic-1.2.3.jar;C:\Users\LUCIANO\.m2\repository\ch\qos\logback\logback-core\1.2.3\logback-core-1.2.3.jar;C:\Users\LUCIANO\.m2\repository\org\apache\logging\log4j\log4j-to-slf4j\2.13.3\log4j-to-slf4j-2.13.3.jar;C:\Users\LUCIANO\.m2\repository\org\apache\logging\log4j\log4j-api\2.13.3\log4j-api-2.13.3.jar;C:\Users\LUCIANO\.m2\repository\org\slf4j\jul-to-slf4j\1.7.30\jul-to-slf4j-1.7.30.jar;C:\Users\LUCIANO\.m2\repository\jakarta\annotation\jakarta.annotation-api\1.3.5\jakarta.annotation-api-1.3.5.jar;C:\Users\LUCIANO\.m2\repository\org\yaml\snakeyaml\1.26\snakeyaml-1.26.jar;C:\Users\LUCIANO\.m2\repository\org\springframework\boot\spring-boot-starter-json\2.3.3.RELEASE\spring-boot-starter-json-2.3.3.RELEASE.jar;C:\Users\LUCIANO\.m2\repository\com\fasterxml\jackson\datatype\jackson-datatype-jdk8\2.11.2\jackson-datatype-jdk8-2.11.2.jar;C:\Users\LUCIANO\.m2\repository\com\fasterxml\jackson\datatype\jackson-datatype-jsr310\2.11.2\jackson-datatype-jsr310-2.11.2.jar;C:\Users\LUCIANO\.m2\repository\com\fasterxml\jackson\module\jackson-module-parameter-names\2.11.2\jackson-module-parameter-names-2.11.2.jar;C:\Users\LUCIANO\.m2\repository\org\springframework\boot\spring-boot-starter-reactor-netty\2.3.3.RELEASE\spring-boot-starter-reactor-netty-2.3.3.RELEASE.jar;C:\Users\LUCIANO\.m2\repository\io\projectreactor\netty\reactor-netty\0.9.11.RELEASE\reactor-netty-0.9.11.RELEASE.jar;C:\Users\LUCIANO\.m2\repository\io\netty\netty-codec-http\4.1.51.Final\netty-codec-http-4.1.51.Final.jar;C:\Users\LUCIANO\.m2\repository\io\netty\netty-common\4.1.51.Final\netty-common-4.1.51.Final.jar;C:\Users\LUCIANO\.m2\repository\io\netty\netty-buffer\4.1.51.Final\netty-buffer-4.1.51.Final.jar;C:\Users\LUCIANO\.m2\repository\io\netty\netty-transport\4.1.51.Final\netty-transport-4.1.51.Final.jar;C:\Users\LUCIANO\.m2\repository\io\netty\netty-codec\4.1.51.Final\netty-codec-4.1.51.Final.jar;C:\Users\LUCIANO\.m2\repository\io\netty\netty-codec-http2\4.1.51.Final\netty-codec-http2-4.1.51.Final.jar;C:\Users\LUCIANO\.m2\repository\io\netty\netty-handler\4.1.51.Final\netty-handler-4.1.51.Final.jar;C:\Users\LUCIANO\.m2\repository\io\netty\netty-resolver\4.1.51.Final\netty-resolver-4.1.51.Final.jar;C:\Users\LUCIANO\.m2\repository\io\netty\netty-handler-proxy\4.1.51.Final\netty-handler-proxy-4.1.51.Final.jar;C:\Users\LUCIANO\.m2\repository\io\netty\netty-codec-socks\4.1.51.Final\netty-codec-socks-4.1.51.Final.jar;C:\Users\LUCIANO\.m2\repository\io\netty\netty-transport-native-epoll\4.1.51.Final\netty-transport-native-epoll-4.1.51.Final-linux-x86_64.jar;C:\Users\LUCIANO\.m2\repository\io\netty\netty-transport-native-unix-common\4.1.51.Final\netty-transport-native-unix-common-4.1.51.Final.jar;C:\Users\LUCIANO\.m2\repository\org\springframework\spring-web\5.2.8.RELEASE\spring-web-5.2.8.RELEASE.jar;C:\Users\LUCIANO\.m2\repository\org\springframework\spring-beans\5.2.8.RELEASE\spring-beans-5.2.8.RELEASE.jar;C:\Users\LUCIANO\.m2\repository\org\springframework\spring-webflux\5.2.8.RELEASE\spring-webflux-5.2.8.RELEASE.jar;C:\Users\LUCIANO\.m2\repository\org\synchronoss\cloud\nio-multipart-parser\1.1.0\nio-multipart-parser-1.1.0.jar;C:\Users\LUCIANO\.m2\repository\org\synchronoss\cloud\nio-stream-storage\1.1.3\nio-stream-storage-1.1.3.jar;C:\Users\LUCIANO\.m2\repository\com\fasterxml\jackson\module\jackson-module-kotlin\2.11.2\jackson-module-kotlin-2.11.2.jar;C:\Users\LUCIANO\.m2\repository\com\fasterxml\jackson\core\jackson-databind\2.11.2\jackson-databind-2.11.2.jar;C:\Users\LUCIANO\.m2\repository\com\fasterxml\jackson\core\jackson-core\2.11.2\jackson-core-2.11.2.jar;C:\Users\LUCIANO\.m2\repository\com\fasterxml\jackson\core\jackson-annotations\2.11.2\jackson-annotations-2.11.2.jar;C:\Users\LUCIANO\.m2\repository\io\projectreactor\kotlin\reactor-kotlin-extensions\1.0.1.RELEASE\reactor-kotlin-extensions-1.0.1.RELEASE.jar;C:\Users\LUCIANO\.m2\repository\io\projectreactor\reactor-core\3.3.9.RELEASE\reactor-core-3.3.9.RELEASE.jar;C:\Users\LUCIANO\.m2\repository\org\reactivestreams\reactive-streams\1.0.3\reactive-streams-1.0.3.jar;C:\Users\LUCIANO\.m2\repository\org\jetbrains\kotlin\kotlin-reflect\1.4.21\kotlin-reflect-1.4.21.jar;C:\Users\LUCIANO\.m2\repository\org\jetbrains\kotlin\kotlin-stdlib\1.4.21\kotlin-stdlib-1.4.21.jar;C:\Users\LUCIANO\.m2\repository\org\jetbrains\kotlin\kotlin-stdlib-common\1.4.21\kotlin-stdlib-common-1.4.21.jar;C:\Users\LUCIANO\.m2\repository\org\jetbrains\annotations\13.0\annotations-13.0.jar;C:\Users\LUCIANO\.m2\repository\org\jetbrains\kotlin\kotlin-stdlib-jdk8\1.4.21\kotlin-stdlib-jdk8-1.4.21.jar;C:\Users\LUCIANO\.m2\repository\org\jetbrains\kotlin\kotlin-stdlib-jdk7\1.4.21\kotlin-stdlib-jdk7-1.4.21.jar;C:\Users\LUCIANO\.m2\repository\org\jetbrains\kotlinx\kotlinx-coroutines-reactor\1.3.8\kotlinx-coroutines-reactor-1.3.8.jar;C:\Users\LUCIANO\.m2\repository\org\jetbrains\kotlinx\kotlinx-coroutines-core\1.3.8\kotlinx-coroutines-core-1.3.8.jar;C:\Users\LUCIANO\.m2\repository\org\jetbrains\kotlinx\kotlinx-coroutines-reactive\1.3.8\kotlinx-coroutines-reactive-1.3.8.jar;C:\Users\LUCIANO\.m2\repository\org\springframework\boot\spring-boot-starter-data-mongodb\2.3.3.RELEASE\spring-boot-starter-data-mongodb-2.3.3.RELEASE.jar;C:\Users\LUCIANO\.m2\repository\org\mongodb\mongodb-driver-sync\4.0.5\mongodb-driver-sync-4.0.5.jar;C:\Users\LUCIANO\.m2\repository\org\mongodb\bson\4.0.5\bson-4.0.5.jar;C:\Users\LUCIANO\.m2\repository\org\mongodb\mongodb-driver-core\4.0.5\mongodb-driver-core-4.0.5.jar;C:\Users\LUCIANO\.m2\repository\org\springframework\data\spring-data-mongodb\3.0.3.RELEASE\spring-data-mongodb-3.0.3.RELEASE.jar;C:\Users\LUCIANO\.m2\repository\org\springframework\spring-tx\5.2.8.RELEASE\spring-tx-5.2.8.RELEASE.jar;C:\Users\LUCIANO\.m2\repository\org\springframework\spring-context\5.2.8.RELEASE\spring-context-5.2.8.RELEASE.jar;C:\Users\LUCIANO\.m2\repository\org\springframework\spring-expression\5.2.8.RELEASE\spring-expression-5.2.8.RELEASE.jar;C:\Users\LUCIANO\.m2\repository\org\springframework\data\spring-data-commons\2.3.3.RELEASE\spring-data-commons-2.3.3.RELEASE.jar;C:\Users\LUCIANO\.m2\repository\com\expediagroup\graphql-kotlin-spring-server\3.7.0\graphql-kotlin-spring-server-3.7.0.jar;C:\Users\LUCIANO\.m2\repository\com\expediagroup\graphql-kotlin-types\3.7.0\graphql-kotlin-types-3.7.0.jar;C:\Users\LUCIANO\.m2\repository\org\jetbrains\kotlinx\kotlinx-coroutines-jdk8\1.3.8\kotlinx-coroutines-jdk8-1.3.8.jar;C:\Users\LUCIANO\.m2\repository\com\expediagroup\graphql-kotlin-federation\3.7.0\graphql-kotlin-federation-3.7.0.jar;C:\Users\LUCIANO\.m2\repository\com\expediagroup\graphql-kotlin-schema-generator\3.7.0\graphql-kotlin-schema-generator-3.7.0.jar;C:\Users\LUCIANO\.m2\repository\io\github\classgraph\classgraph\4.8.87\classgraph-4.8.87.jar;C:\Users\LUCIANO\.m2\repository\com\apollographql\federation\federation-graphql-java-support\0.6.3\federation-graphql-java-support-0.6.3.jar;C:\Users\LUCIANO\.m2\repository\com\graphql-java\graphql-java\16.1\graphql-java-16.1.jar;C:\Users\LUCIANO\.m2\repository\com\graphql-java\java-dataloader\2.2.3\java-dataloader-2.2.3.jar;C:\Users\LUCIANO\.m2\repository\org\antlr\antlr4-runtime\4.8\antlr4-runtime-4.8.jar;C:\Users\LUCIANO\.m2\repository\org\slf4j\slf4j-api\1.7.30\slf4j-api-1.7.30.jar;C:\Users\LUCIANO\.m2\repository\com\google\protobuf\protobuf-java\3.9.0\protobuf-java-3.9.0.jar;C:\Users\LUCIANO\.m2\repository\org\springframework\boot\spring-boot-starter-security\2.3.3.RELEASE\spring-boot-starter-security-2.3.3.RELEASE.jar;C:\Users\LUCIANO\.m2\repository\org\springframework\spring-aop\5.2.8.RELEASE\spring-aop-5.2.8.RELEASE.jar;C:\Users\LUCIANO\.m2\repository\org\springframework\security\spring-security-config\5.3.4.RELEASE\spring-security-config-5.3.4.RELEASE.jar;C:\Users\LUCIANO\.m2\repository\org\springframework\security\spring-security-core\5.3.4.RELEASE\spring-security-core-5.3.4.RELEASE.jar;C:\Users\LUCIANO\.m2\repository\org\springframework\security\spring-security-web\5.3.4.RELEASE\spring-security-web-5.3.4.RELEASE.jar;C:\Users\LUCIANO\.m2\repository\org\springframework\boot\spring-boot-starter-test\2.3.3.RELEASE\spring-boot-starter-test-2.3.3.RELEASE.jar;C:\Users\LUCIANO\.m2\repository\org\springframework\boot\spring-boot-test\2.3.3.RELEASE\spring-boot-test-2.3.3.RELEASE.jar;C:\Users\LUCIANO\.m2\repository\org\springframework\boot\spring-boot-test-autoconfigure\2.3.3.RELEASE\spring-boot-test-autoconfigure-2.3.3.RELEASE.jar;C:\Users\LUCIANO\.m2\repository\com\jayway\jsonpath\json-path\2.4.0\json-path-2.4.0.jar;C:\Users\LUCIANO\.m2\repository\net\minidev\json-smart\2.3\json-smart-2.3.jar;C:\Users\LUCIANO\.m2\repository\net\minidev\accessors-smart\1.2\accessors-smart-1.2.jar;C:\Users\LUCIANO\.m2\repository\org\ow2\asm\asm\5.0.4\asm-5.0.4.jar;C:\Users\LUCIANO\.m2\repository\jakarta\xml\bind\jakarta.xml.bind-api\2.3.3\jakarta.xml.bind-api-2.3.3.jar;C:\Users\LUCIANO\.m2\repository\jakarta\activation\jakarta.activation-api\1.2.2\jakarta.activation-api-1.2.2.jar;C:\Users\LUCIANO\.m2\repository\org\assertj\assertj-core\3.16.1\assertj-core-3.16.1.jar;C:\Users\LUCIANO\.m2\repository\org\hamcrest\hamcrest\2.2\hamcrest-2.2.jar;C:\Users\LUCIANO\.m2\repository\org\junit\jupiter\junit-jupiter\5.6.2\junit-jupiter-5.6.2.jar;C:\Users\LUCIANO\.m2\repository\org\junit\jupiter\junit-jupiter-params\5.6.2\junit-jupiter-params-5.6.2.jar;C:\Users\LUCIANO\.m2\repository\org\mockito\mockito-core\3.3.3\mockito-core-3.3.3.jar;C:\Users\LUCIANO\.m2\repository\net\bytebuddy\byte-buddy\1.10.14\byte-buddy-1.10.14.jar;C:\Users\LUCIANO\.m2\repository\net\bytebuddy\byte-buddy-agent\1.10.14\byte-buddy-agent-1.10.14.jar;C:\Users\LUCIANO\.m2\repository\org\objenesis\objenesis\2.6\objenesis-2.6.jar;C:\Users\LUCIANO\.m2\repository\org\mockito\mockito-junit-jupiter\3.3.3\mockito-junit-jupiter-3.3.3.jar;C:\Users\LUCIANO\.m2\repository\org\skyscreamer\jsonassert\1.5.0\jsonassert-1.5.0.jar;C:\Users\LUCIANO\.m2\repository\com\vaadin\external\google\android-json\0.0.20131108.vaadin1\android-json-0.0.20131108.vaadin1.jar;C:\Users\LUCIANO\.m2\repository\org\springframework\spring-core\5.2.8.RELEASE\spring-core-5.2.8.RELEASE.jar;C:\Users\LUCIANO\.m2\repository\org\springframework\spring-jcl\5.2.8.RELEASE\spring-jcl-5.2.8.RELEASE.jar;C:\Users\LUCIANO\.m2\repository\org\springframework\spring-test\5.2.8.RELEASE\spring-test-5.2.8.RELEASE.jar;C:\Users\LUCIANO\.m2\repository\org\xmlunit\xmlunit-core\2.7.0\xmlunit-core-2.7.0.jar;C:\Users\LUCIANO\.m2\repository\org\junit\jupiter\junit-jupiter-engine\5.6.2\junit-jupiter-engine-5.6.2.jar;C:\Users\LUCIANO\.m2\repository\org\apiguardian\apiguardian-api\1.1.0\apiguardian-api-1.1.0.jar;C:\Users\LUCIANO\.m2\repository\org\junit\platform\junit-platform-engine\1.6.2\junit-platform-engine-1.6.2.jar;C:\Users\LUCIANO\.m2\repository\org\junit\jupiter\junit-jupiter-api\5.6.2\junit-jupiter-api-5.6.2.jar;C:\Users\LUCIANO\.m2\repository\org\opentest4j\opentest4j\1.2.0\opentest4j-1.2.0.jar;C:\Users\LUCIANO\.m2\repository\org\junit\platform\junit-platform-commons\1.6.2\junit-platform-commons-1.6.2.jar;C:\Users\LUCIANO\.m2\repository\io\mockk\mockk\1.10.0\mockk-1.10.0.jar;C:\Users\LUCIANO\.m2\repository\io\mockk\mockk-common\1.10.0\mockk-common-1.10.0.jar;C:\Users\LUCIANO\.m2\repository\io\mockk\mockk-dsl\1.10.0\mockk-dsl-1.10.0.jar;C:\Users\LUCIANO\.m2\repository\io\mockk\mockk-dsl-jvm\1.10.0\mockk-dsl-jvm-1.10.0.jar;C:\Users\LUCIANO\.m2\repository\io\mockk\mockk-agent-jvm\1.10.0\mockk-agent-jvm-1.10.0.jar;C:\Users\LUCIANO\.m2\repository\io\mockk\mockk-agent-api\1.10.0\mockk-agent-api-1.10.0.jar;C:\Users\LUCIANO\.m2\repository\io\mockk\mockk-agent-common\1.10.0\mockk-agent-common-1.10.0.jar;C:\Users\LUCIANO\.m2\repository\org\apache\httpcomponents\httpclient\4.5.13\httpclient-4.5.13.jar;C:\Users\LUCIANO\.m2\repository\org\apache\httpcomponents\httpcore\4.4.13\httpcore-4.4.13.jar;C:\Users\LUCIANO\.m2\repository\commons-codec\commons-codec\1.14\commons-codec-1.14.jar;C:\Users\LUCIANO\.m2\repository\io\micrometer\micrometer-core\1.5.4\micrometer-core-1.5.4.jar;C:\Users\LUCIANO\.m2\repository\org\hdrhistogram\HdrHistogram\2.1.12\HdrHistogram-2.1.12.jar;C:\Users\LUCIANO\.m2\repository\org\latencyutils\LatencyUtils\2.0.3\LatencyUtils-2.0.3.jar;C:\Users\LUCIANO\.m2\repository\io\micrometer\micrometer-registry-prometheus\1.5.4\micrometer-registry-prometheus-1.5.4.jar;C:\Users\LUCIANO\.m2\repository\io\prometheus\simpleclient_common\0.8.1\simpleclient_common-0.8.1.jar;C:\Users\LUCIANO\.m2\repository\io\prometheus\simpleclient\0.8.1\simpleclient-0.8.1.jar;C:\Users\LUCIANO\.m2\repository\com\squareup\okhttp3\okhttp\4.9.0\okhttp-4.9.0.jar;C:\Users\LUCIANO\.m2\repository\com\squareup\okio\okio\2.8.0\okio-2.8.0.jar;C:\Users\LUCIANO\.m2\repository\com\squareup\okhttp3\mockwebserver\4.9.0\mockwebserver-4.9.0.jar;C:\Users\LUCIANO\.m2\repository\junit\junit\4.13\junit-4.13.jar;C:\Users\LUCIANO\.m2\repository\org\hamcrest\hamcrest-core\2.2\hamcrest-core-2.2.jar;C:\Users\LUCIANO\.m2\repository\net\logstash\logback\logstash-logback-encoder\6.6\logstash-logback-encoder-6.6.jar;"/>
    <property name="sun.cpu.endian" value="little"/>
    <property name="user.home" value="C:\Users\LUCIANO"/>
    <property name="user.language" value="en"/>
    <property name="java.specification.vendor" value="Oracle Corporation"/>
    <property name="java.version.date" value="2020-10-20"/>
    <property name="java.home" value="C:\Users\LUCIANO\AppData\Local\JetBrains\Toolbox\apps\IDEA-U\ch-0\203.5981.155\jbr"/>
    <property name="spring.profiles.active" value="test"/>
    <property name="file.separator" value="\"/>
    <property name="basedir" value="C:\Users\LUCIANO\Desktop\workspace\d2-back"/>
    <property name="java.vm.compressedOopsMode" value="32-bit"/>
    <property name="line.separator" value="&#10;"/>
    <property name="java.specification.name" value="Java Platform API Specification"/>
    <property name="java.vm.specification.vendor" value="Oracle Corporation"/>
    <property name="java.awt.graphicsenv" value="sun.awt.Win32GraphicsEnvironment"/>
    <property name="surefire.real.class.path" value="C:\Users\LUCIANO\AppData\Local\Temp\surefire15115375045471358262\surefirebooter13407504223679437074.jar"/>
    <property name="user.script" value=""/>
    <property name="sun.management.compiler" value="HotSpot 64-Bit Tiered Compilers"/>
    <property name="java.runtime.version" value="11.0.9+11-b1145.21"/>
    <property name="user.name" value="LUCIANO"/>
    <property name="path.separator" value=";"/>
    <property name="os.version" value="10.0"/>
    <property name="java.runtime.name" value="OpenJDK Runtime Environment"/>
    <property name="file.encoding" value="Cp1252"/>
    <property name="java.vm.name" value="OpenJDK 64-Bit Server VM"/>
    <property name="java.vendor.version" value="JBR-11.0.9.11-1145.21-jcef"/>
    <property name="localRepository" value="C:\Users\LUCIANO\.m2\repository"/>
    <property name="java.vendor.url.bug" value="https://bugreport.java.com/bugreport/"/>
    <property name="java.io.tmpdir" value="C:\Users\LUCIANO\AppData\Local\Temp\"/>
    <property name="idea.version" value="2020.3"/>
    <property name="java.version" value="11.0.9"/>
    <property name="user.dir" value="C:\Users\LUCIANO\Desktop\workspace\d2-back"/>
    <property name="os.arch" value="amd64"/>
    <property name="java.vm.specification.name" value="Java Virtual Machine Specification"/>
    <property name="java.awt.printerjob" value="sun.awt.windows.WPrinterJob"/>
    <property name="user.language.format" value="es"/>
    <property name="sun.os.patch.level" value=""/>
    <property name="java.library.path" value="C:\Users\LUCIANO\AppData\Local\JetBrains\Toolbox\apps\IDEA-U\ch-0\203.5981.155\jbr\bin;C:\WINDOWS\Sun\Java\bin;C:\WINDOWS\system32;C:\WINDOWS;C:\Program Files (x86)\Common Files\Oracle\Java\javapath;C:\WINDOWS\system32;C:\WINDOWS;C:\WINDOWS\System32\Wbem;C:\WINDOWS\System32\WindowsPowerShell\v1.0\;C:\WINDOWS\System32\OpenSSH\;C:\Program Files\Git\cmd;C:\jq;C:\Program Files\apache-maven-3.6.3\bin;C:\Program Files\nodejs\;C:\Users\LUCIANO\AppData\Local\Microsoft\WindowsApps;C:\Users\LUCIANO\AppData\Local\Programs\Microsoft VS Code\bin;C:\jq;C:\Users\LUCIANO\AppData\Roaming\npm;."/>
    <property name="java.vm.info" value="mixed mode"/>
    <property name="java.vendor" value="JetBrains s.r.o."/>
    <property name="java.vm.version" value="11.0.9+11-b1145.21"/>
    <property name="sun.io.unicode.encoding" value="UnicodeLittle"/>
    <property name="java.class.version" value="55.0"/>
  </properties>
  <testcase name="get with existing id" classname="com.d2back.unit.service.ExampleEntityServiceTest" time="0.014">
    <error message="No matching constructors found:&#10;constructor(normalItemsDAO : com.d2back.repository.dao.NormalItemsDAO = &lt;not able to lookup&gt;)" type="io.mockk.MockKException"><![CDATA[io.mockk.MockKException: 
No matching constructors found:
constructor(normalItemsDAO : com.d2back.repository.dao.NormalItemsDAO = <not able to lookup>)
]]></error>
  </testcase>
</testsuite>